<?xml version="1.0" encoding="UTF-8"?>
<!-- Generated by org.testng.reporters.JUnitXMLReporter -->
<testsuite ignored="0" hostname="Jyoti" failures="1" tests="4" name="Test" time="19.677" errors="0" timestamp="2022-09-16T18:01:41 IST">
  <testcase classname="org.HMS.Doctor_test.DocTOAdminPatSearchTest" name="DocPatSrch" time="3.239"/>
  <testcase classname="org.HMS.Doctor_test.AdminToDocTest" name="adminDocTest" time="0.002">
    <failure type="java.lang.Error" message="Unresolved compilation problems: 
	loginPage cannot be resolved
	loginPage cannot be resolved
	adminDashPage cannot be resolved
	Syntax error, insert &amp;quot;;&amp;quot; to complete Statement
">
      <![CDATA[java.lang.Error: Unresolved compilation problems: 
loginPage cannot be resolved
loginPage cannot be resolved
adminDashPage cannot be resolved
Syntax error, insert ";" to complete Statement

at org.HMS.Doctor_test.AdminToDocTest.adminDocTest(AdminToDocTest.java:55)
at java.base/java.util.ArrayList.forEach(ArrayList.java:1511)
... Removed 27 stack frames]]>
    </failure>
  </testcase> <!-- adminDocTest -->
  <testcase classname="org.HMS.Doctor_test.DoctorToAdminManagePatTest" name="patientSrchTest" time="3.092"/>
  <testcase classname="org.HMS.Doctor_test.DoctorToAddPatientAndSearchPatientTest" name="doctorToAddPatientAndSearchPatientTest" time="2.11"/>
</testsuite> <!-- Test -->
